CRITICAL - 2021-04-09 10:06:48 --> Toolbar collector does not exists(CodeIgniter\Debug\Toolbar\Collectors\Cache).please check $collectors in the Config\Toolbar.php file.
CRITICAL - 2021-04-09 10:06:48 --> Toolbar collector does not exists(CodeIgniter\Debug\Toolbar\Collectors\Cache).please check $collectors in the Config\Toolbar.php file.
CRITICAL - 2021-04-09 10:06:48 --> Toolbar collector does not exists(CodeIgniter\Debug\Toolbar\Collectors\Cache).please check $collectors in the Config\Toolbar.php file.
CRITICAL - 2021-04-09 10:06:48 --> Toolbar collector does not exists(CodeIgniter\Debug\Toolbar\Collectors\Cache).please check $collectors in the Config\Toolbar.php file.
CRITICAL - 2021-04-09 10:06:48 --> Toolbar collector does not exists(CodeIgniter\Debug\Toolbar\Collectors\Cache).please check $collectors in the Config\Toolbar.php file.
CRITICAL - 2021-04-09 10:06:48 --> Toolbar collector does not exists(CodeIgniter\Debug\Toolbar\Collectors\Cache).please check $collectors in the Config\Toolbar.php file.
CRITICAL - 2021-04-09 10:06:48 --> Toolbar collector does not exists(CodeIgniter\Debug\Toolbar\Collectors\Cache).please check $collectors in the Config\Toolbar.php file.
CRITICAL - 2021-04-09 10:06:55 --> Toolbar collector does not exists(CodeIgniter\Debug\Toolbar\Collectors\Cache).please check $collectors in the Config\Toolbar.php file.
CRITICAL - 2021-04-09 10:06:56 --> Toolbar collector does not exists(CodeIgniter\Debug\Toolbar\Collectors\Cache).please check $collectors in the Config\Toolbar.php file.
CRITICAL - 2021-04-09 10:06:56 --> Toolbar collector does not exists(CodeIgniter\Debug\Toolbar\Collectors\Cache).please check $collectors in the Config\Toolbar.php file.
CRITICAL - 2021-04-09 10:06:56 --> Toolbar collector does not exists(CodeIgniter\Debug\Toolbar\Collectors\Cache).please check $collectors in the Config\Toolbar.php file.
CRITICAL - 2021-04-09 10:07:02 --> Toolbar collector does not exists(CodeIgniter\Debug\Toolbar\Collectors\Cache).please check $collectors in the Config\Toolbar.php file.
CRITICAL - 2021-04-09 10:07:02 --> Toolbar collector does not exists(CodeIgniter\Debug\Toolbar\Collectors\Cache).please check $collectors in the Config\Toolbar.php file.
CRITICAL - 2021-04-09 10:07:02 --> Toolbar collector does not exists(CodeIgniter\Debug\Toolbar\Collectors\Cache).please check $collectors in the Config\Toolbar.php file.
CRITICAL - 2021-04-09 10:07:04 --> Toolbar collector does not exists(CodeIgniter\Debug\Toolbar\Collectors\Cache).please check $collectors in the Config\Toolbar.php file.
CRITICAL - 2021-04-09 10:07:05 --> Toolbar collector does not exists(CodeIgniter\Debug\Toolbar\Collectors\Cache).please check $collectors in the Config\Toolbar.php file.
CRITICAL - 2021-04-09 10:07:05 --> Toolbar collector does not exists(CodeIgniter\Debug\Toolbar\Collectors\Cache).please check $collectors in the Config\Toolbar.php file.
CRITICAL - 2021-04-09 10:28:51 --> Toolbar collector does not exists(CodeIgniter\Debug\Toolbar\Collectors\Cache).please check $collectors in the Config\Toolbar.php file.
CRITICAL - 2021-04-09 10:28:51 --> Toolbar collector does not exists(CodeIgniter\Debug\Toolbar\Collectors\Cache).please check $collectors in the Config\Toolbar.php file.
CRITICAL - 2021-04-09 10:28:51 --> Toolbar collector does not exists(CodeIgniter\Debug\Toolbar\Collectors\Cache).please check $collectors in the Config\Toolbar.php file.
CRITICAL - 2021-04-09 10:29:26 --> Toolbar collector does not exists(CodeIgniter\Debug\Toolbar\Collectors\Cache).please check $collectors in the Config\Toolbar.php file.
CRITICAL - 2021-04-09 10:29:28 --> Toolbar collector does not exists(CodeIgniter\Debug\Toolbar\Collectors\Cache).please check $collectors in the Config\Toolbar.php file.
CRITICAL - 2021-04-09 10:29:28 --> Toolbar collector does not exists(CodeIgniter\Debug\Toolbar\Collectors\Cache).please check $collectors in the Config\Toolbar.php file.
CRITICAL - 2021-04-09 10:29:28 --> Toolbar collector does not exists(CodeIgniter\Debug\Toolbar\Collectors\Cache).please check $collectors in the Config\Toolbar.php file.
CRITICAL - 2021-04-09 10:31:17 --> Toolbar collector does not exists(CodeIgniter\Debug\Toolbar\Collectors\Cache).please check $collectors in the Config\Toolbar.php file.
CRITICAL - 2021-04-09 10:31:19 --> Toolbar collector does not exists(CodeIgniter\Debug\Toolbar\Collectors\Cache).please check $collectors in the Config\Toolbar.php file.
CRITICAL - 2021-04-09 10:31:19 --> Toolbar collector does not exists(CodeIgniter\Debug\Toolbar\Collectors\Cache).please check $collectors in the Config\Toolbar.php file.
CRITICAL - 2021-04-09 10:31:19 --> Toolbar collector does not exists(CodeIgniter\Debug\Toolbar\Collectors\Cache).please check $collectors in the Config\Toolbar.php file.
CRITICAL - 2021-04-09 10:35:31 --> Toolbar collector does not exists(CodeIgniter\Debug\Toolbar\Collectors\Cache).please check $collectors in the Config\Toolbar.php file.
CRITICAL - 2021-04-09 10:35:31 --> Toolbar collector does not exists(CodeIgniter\Debug\Toolbar\Collectors\Cache).please check $collectors in the Config\Toolbar.php file.
CRITICAL - 2021-04-09 10:35:31 --> Toolbar collector does not exists(CodeIgniter\Debug\Toolbar\Collectors\Cache).please check $collectors in the Config\Toolbar.php file.
CRITICAL - 2021-04-09 10:35:39 --> Toolbar collector does not exists(CodeIgniter\Debug\Toolbar\Collectors\Cache).please check $collectors in the Config\Toolbar.php file.
CRITICAL - 2021-04-09 10:35:39 --> Toolbar collector does not exists(CodeIgniter\Debug\Toolbar\Collectors\Cache).please check $collectors in the Config\Toolbar.php file.
CRITICAL - 2021-04-09 10:35:39 --> Toolbar collector does not exists(CodeIgniter\Debug\Toolbar\Collectors\Cache).please check $collectors in the Config\Toolbar.php file.
CRITICAL - 2021-04-09 10:35:45 --> Toolbar collector does not exists(CodeIgniter\Debug\Toolbar\Collectors\Cache).please check $collectors in the Config\Toolbar.php file.
CRITICAL - 2021-04-09 10:35:45 --> Toolbar collector does not exists(CodeIgniter\Debug\Toolbar\Collectors\Cache).please check $collectors in the Config\Toolbar.php file.
CRITICAL - 2021-04-09 10:35:45 --> Toolbar collector does not exists(CodeIgniter\Debug\Toolbar\Collectors\Cache).please check $collectors in the Config\Toolbar.php file.
CRITICAL - 2021-04-09 10:40:25 --> Toolbar collector does not exists(CodeIgniter\Debug\Toolbar\Collectors\Cache).please check $collectors in the Config\Toolbar.php file.
CRITICAL - 2021-04-09 10:40:25 --> Toolbar collector does not exists(CodeIgniter\Debug\Toolbar\Collectors\Cache).please check $collectors in the Config\Toolbar.php file.
CRITICAL - 2021-04-09 10:40:25 --> Toolbar collector does not exists(CodeIgniter\Debug\Toolbar\Collectors\Cache).please check $collectors in the Config\Toolbar.php file.
CRITICAL - 2021-04-09 10:40:53 --> Toolbar collector does not exists(CodeIgniter\Debug\Toolbar\Collectors\Cache).please check $collectors in the Config\Toolbar.php file.
CRITICAL - 2021-04-09 10:40:53 --> Toolbar collector does not exists(CodeIgniter\Debug\Toolbar\Collectors\Cache).please check $collectors in the Config\Toolbar.php file.
CRITICAL - 2021-04-09 10:40:53 --> Toolbar collector does not exists(CodeIgniter\Debug\Toolbar\Collectors\Cache).please check $collectors in the Config\Toolbar.php file.
CRITICAL - 2021-04-09 10:54:25 --> Toolbar collector does not exists(CodeIgniter\Debug\Toolbar\Collectors\Cache).please check $collectors in the Config\Toolbar.php file.
CRITICAL - 2021-04-09 10:54:25 --> Undefined index: partner
#0 C:\wamp64\www\moldsfc\app\Views\molds\list.php(51): CodeIgniter\Debug\Exceptions->errorHandler(8, 'Undefined index...', 'C:\\wamp64\\www\\m...', 51, Array)
#1 C:\wamp64\www\moldsfc\vendor\codeigniter4\framework\system\View\View.php(246): include('C:\\wamp64\\www\\m...')
#2 C:\wamp64\www\moldsfc\vendor\codeigniter4\framework\system\Common.php(1119): CodeIgniter\View\View->render('molds/list', Array, true)
#3 C:\wamp64\www\moldsfc\app\Views\overlay.php(644): view('molds/list')
#4 C:\wamp64\www\moldsfc\vendor\codeigniter4\framework\system\View\View.php(246): include('C:\\wamp64\\www\\m...')
#5 C:\wamp64\www\moldsfc\vendor\codeigniter4\framework\system\Common.php(1119): CodeIgniter\View\View->render('molds/list', Array, true)
#6 C:\wamp64\www\moldsfc\app\Controllers\Mold.php(46): view('overlay', Array)
#7 C:\wamp64\www\moldsfc\vendor\codeigniter4\framework\system\CodeIgniter.php(918): App\Controllers\Mold->list()
#8 C:\wamp64\www\moldsfc\vendor\codeigniter4\framework\system\CodeIgniter.php(404): CodeIgniter\CodeIgniter->runController(Object(App\Controllers\Mold))
#9 C:\wamp64\www\moldsfc\vendor\codeigniter4\framework\system\CodeIgniter.php(312): CodeIgniter\CodeIgniter->handleRequest(NULL, Object(Config\Cache), false)
#10 C:\wamp64\www\moldsfc\index.php(46): CodeIgniter\CodeIgniter->run()
#11 {main}
CRITICAL - 2021-04-09 10:54:43 --> Toolbar collector does not exists(CodeIgniter\Debug\Toolbar\Collectors\Cache).please check $collectors in the Config\Toolbar.php file.
CRITICAL - 2021-04-09 10:55:35 --> Toolbar collector does not exists(CodeIgniter\Debug\Toolbar\Collectors\Cache).please check $collectors in the Config\Toolbar.php file.
CRITICAL - 2021-04-09 10:55:48 --> Toolbar collector does not exists(CodeIgniter\Debug\Toolbar\Collectors\Cache).please check $collectors in the Config\Toolbar.php file.
CRITICAL - 2021-04-09 10:55:59 --> Toolbar collector does not exists(CodeIgniter\Debug\Toolbar\Collectors\Cache).please check $collectors in the Config\Toolbar.php file.
CRITICAL - 2021-04-09 10:56:06 --> Toolbar collector does not exists(CodeIgniter\Debug\Toolbar\Collectors\Cache).please check $collectors in the Config\Toolbar.php file.
CRITICAL - 2021-04-09 10:56:17 --> Toolbar collector does not exists(CodeIgniter\Debug\Toolbar\Collectors\Cache).please check $collectors in the Config\Toolbar.php file.
CRITICAL - 2021-04-09 10:56:17 --> Undefined variable: partners
#0 C:\wamp64\www\moldsfc\app\Views\molds\list.php(91): CodeIgniter\Debug\Exceptions->errorHandler(8, 'Undefined varia...', 'C:\\wamp64\\www\\m...', 91, Array)
#1 C:\wamp64\www\moldsfc\vendor\codeigniter4\framework\system\View\View.php(246): include('C:\\wamp64\\www\\m...')
#2 C:\wamp64\www\moldsfc\vendor\codeigniter4\framework\system\Common.php(1119): CodeIgniter\View\View->render('molds/list', Array, true)
#3 C:\wamp64\www\moldsfc\app\Views\overlay.php(644): view('molds/list')
#4 C:\wamp64\www\moldsfc\vendor\codeigniter4\framework\system\View\View.php(246): include('C:\\wamp64\\www\\m...')
#5 C:\wamp64\www\moldsfc\vendor\codeigniter4\framework\system\Common.php(1119): CodeIgniter\View\View->render('molds/list', Array, true)
#6 C:\wamp64\www\moldsfc\app\Controllers\Mold.php(47): view('overlay', Array)
#7 C:\wamp64\www\moldsfc\vendor\codeigniter4\framework\system\CodeIgniter.php(918): App\Controllers\Mold->list()
#8 C:\wamp64\www\moldsfc\vendor\codeigniter4\framework\system\CodeIgniter.php(404): CodeIgniter\CodeIgniter->runController(Object(App\Controllers\Mold))
#9 C:\wamp64\www\moldsfc\vendor\codeigniter4\framework\system\CodeIgniter.php(312): CodeIgniter\CodeIgniter->handleRequest(NULL, Object(Config\Cache), false)
#10 C:\wamp64\www\moldsfc\index.php(46): CodeIgniter\CodeIgniter->run()
#11 {main}
CRITICAL - 2021-04-09 10:56:21 --> Toolbar collector does not exists(CodeIgniter\Debug\Toolbar\Collectors\Cache).please check $collectors in the Config\Toolbar.php file.
CRITICAL - 2021-04-09 10:56:58 --> Toolbar collector does not exists(CodeIgniter\Debug\Toolbar\Collectors\Cache).please check $collectors in the Config\Toolbar.php file.
CRITICAL - 2021-04-09 10:57:19 --> Toolbar collector does not exists(CodeIgniter\Debug\Toolbar\Collectors\Cache).please check $collectors in the Config\Toolbar.php file.
CRITICAL - 2021-04-09 10:57:19 --> Undefined variable: partners
#0 C:\wamp64\www\moldsfc\app\Views\molds\list.php(91): CodeIgniter\Debug\Exceptions->errorHandler(8, 'Undefined varia...', 'C:\\wamp64\\www\\m...', 91, Array)
#1 C:\wamp64\www\moldsfc\vendor\codeigniter4\framework\system\View\View.php(246): include('C:\\wamp64\\www\\m...')
#2 C:\wamp64\www\moldsfc\vendor\codeigniter4\framework\system\Common.php(1119): CodeIgniter\View\View->render('molds/list', Array, true)
#3 C:\wamp64\www\moldsfc\app\Views\overlay.php(644): view('molds/list')
#4 C:\wamp64\www\moldsfc\vendor\codeigniter4\framework\system\View\View.php(246): include('C:\\wamp64\\www\\m...')
#5 C:\wamp64\www\moldsfc\vendor\codeigniter4\framework\system\Common.php(1119): CodeIgniter\View\View->render('molds/list', Array, true)
#6 C:\wamp64\www\moldsfc\app\Controllers\Mold.php(45): view('overlay', Array)
#7 C:\wamp64\www\moldsfc\vendor\codeigniter4\framework\system\CodeIgniter.php(918): App\Controllers\Mold->list()
#8 C:\wamp64\www\moldsfc\vendor\codeigniter4\framework\system\CodeIgniter.php(404): CodeIgniter\CodeIgniter->runController(Object(App\Controllers\Mold))
#9 C:\wamp64\www\moldsfc\vendor\codeigniter4\framework\system\CodeIgniter.php(312): CodeIgniter\CodeIgniter->handleRequest(NULL, Object(Config\Cache), false)
#10 C:\wamp64\www\moldsfc\index.php(46): CodeIgniter\CodeIgniter->run()
#11 {main}
CRITICAL - 2021-04-09 10:57:29 --> Toolbar collector does not exists(CodeIgniter\Debug\Toolbar\Collectors\Cache).please check $collectors in the Config\Toolbar.php file.
CRITICAL - 2021-04-09 10:57:55 --> Toolbar collector does not exists(CodeIgniter\Debug\Toolbar\Collectors\Cache).please check $collectors in the Config\Toolbar.php file.
CRITICAL - 2021-04-09 10:57:56 --> Undefined variable: partners
#0 C:\wamp64\www\moldsfc\app\Views\molds\list.php(91): CodeIgniter\Debug\Exceptions->errorHandler(8, 'Undefined varia...', 'C:\\wamp64\\www\\m...', 91, Array)
#1 C:\wamp64\www\moldsfc\vendor\codeigniter4\framework\system\View\View.php(246): include('C:\\wamp64\\www\\m...')
#2 C:\wamp64\www\moldsfc\vendor\codeigniter4\framework\system\Common.php(1119): CodeIgniter\View\View->render('molds/list', Array, true)
#3 C:\wamp64\www\moldsfc\app\Views\overlay.php(644): view('molds/list')
#4 C:\wamp64\www\moldsfc\vendor\codeigniter4\framework\system\View\View.php(246): include('C:\\wamp64\\www\\m...')
#5 C:\wamp64\www\moldsfc\vendor\codeigniter4\framework\system\Common.php(1119): CodeIgniter\View\View->render('molds/list', Array, true)
#6 C:\wamp64\www\moldsfc\app\Controllers\Mold.php(47): view('overlay', Array)
#7 C:\wamp64\www\moldsfc\vendor\codeigniter4\framework\system\CodeIgniter.php(918): App\Controllers\Mold->list()
#8 C:\wamp64\www\moldsfc\vendor\codeigniter4\framework\system\CodeIgniter.php(404): CodeIgniter\CodeIgniter->runController(Object(App\Controllers\Mold))
#9 C:\wamp64\www\moldsfc\vendor\codeigniter4\framework\system\CodeIgniter.php(312): CodeIgniter\CodeIgniter->handleRequest(NULL, Object(Config\Cache), false)
#10 C:\wamp64\www\moldsfc\index.php(46): CodeIgniter\CodeIgniter->run()
#11 {main}
CRITICAL - 2021-04-09 10:58:47 --> Toolbar collector does not exists(CodeIgniter\Debug\Toolbar\Collectors\Cache).please check $collectors in the Config\Toolbar.php file.
CRITICAL - 2021-04-09 10:58:47 --> Undefined variable: partners
#0 C:\wamp64\www\moldsfc\app\Views\molds\list.php(91): CodeIgniter\Debug\Exceptions->errorHandler(8, 'Undefined varia...', 'C:\\wamp64\\www\\m...', 91, Array)
#1 C:\wamp64\www\moldsfc\vendor\codeigniter4\framework\system\View\View.php(246): include('C:\\wamp64\\www\\m...')
#2 C:\wamp64\www\moldsfc\vendor\codeigniter4\framework\system\Common.php(1119): CodeIgniter\View\View->render('molds/list', Array, true)
#3 C:\wamp64\www\moldsfc\app\Views\overlay.php(644): view('molds/list')
#4 C:\wamp64\www\moldsfc\vendor\codeigniter4\framework\system\View\View.php(246): include('C:\\wamp64\\www\\m...')
#5 C:\wamp64\www\moldsfc\vendor\codeigniter4\framework\system\Common.php(1119): CodeIgniter\View\View->render('molds/list', Array, true)
#6 C:\wamp64\www\moldsfc\app\Controllers\Mold.php(48): view('overlay', Array)
#7 C:\wamp64\www\moldsfc\vendor\codeigniter4\framework\system\CodeIgniter.php(918): App\Controllers\Mold->list()
#8 C:\wamp64\www\moldsfc\vendor\codeigniter4\framework\system\CodeIgniter.php(404): CodeIgniter\CodeIgniter->runController(Object(App\Controllers\Mold))
#9 C:\wamp64\www\moldsfc\vendor\codeigniter4\framework\system\CodeIgniter.php(312): CodeIgniter\CodeIgniter->handleRequest(NULL, Object(Config\Cache), false)
#10 C:\wamp64\www\moldsfc\index.php(46): CodeIgniter\CodeIgniter->run()
#11 {main}
CRITICAL - 2021-04-09 10:58:53 --> Toolbar collector does not exists(CodeIgniter\Debug\Toolbar\Collectors\Cache).please check $collectors in the Config\Toolbar.php file.
CRITICAL - 2021-04-09 11:00:28 --> Toolbar collector does not exists(CodeIgniter\Debug\Toolbar\Collectors\Cache).please check $collectors in the Config\Toolbar.php file.
CRITICAL - 2021-04-09 11:01:53 --> Toolbar collector does not exists(CodeIgniter\Debug\Toolbar\Collectors\Cache).please check $collectors in the Config\Toolbar.php file.
CRITICAL - 2021-04-09 11:01:53 --> Undefined property: App\Controllers\Mold::$partners
#0 C:\wamp64\www\moldsfc\app\Controllers\Mold.php(30): CodeIgniter\Debug\Exceptions->errorHandler(8, 'Undefined prope...', 'C:\\wamp64\\www\\m...', 30, Array)
#1 C:\wamp64\www\moldsfc\vendor\codeigniter4\framework\system\CodeIgniter.php(918): App\Controllers\Mold->list()
#2 C:\wamp64\www\moldsfc\vendor\codeigniter4\framework\system\CodeIgniter.php(404): CodeIgniter\CodeIgniter->runController(Object(App\Controllers\Mold))
#3 C:\wamp64\www\moldsfc\vendor\codeigniter4\framework\system\CodeIgniter.php(312): CodeIgniter\CodeIgniter->handleRequest(NULL, Object(Config\Cache), false)
#4 C:\wamp64\www\moldsfc\index.php(46): CodeIgniter\CodeIgniter->run()
#5 {main}
CRITICAL - 2021-04-09 11:02:01 --> Toolbar collector does not exists(CodeIgniter\Debug\Toolbar\Collectors\Cache).please check $collectors in the Config\Toolbar.php file.
CRITICAL - 2021-04-09 11:02:01 --> Toolbar collector does not exists(CodeIgniter\Debug\Toolbar\Collectors\Cache).please check $collectors in the Config\Toolbar.php file.
CRITICAL - 2021-04-09 11:02:02 --> Toolbar collector does not exists(CodeIgniter\Debug\Toolbar\Collectors\Cache).please check $collectors in the Config\Toolbar.php file.
CRITICAL - 2021-04-09 11:02:12 --> Toolbar collector does not exists(CodeIgniter\Debug\Toolbar\Collectors\Cache).please check $collectors in the Config\Toolbar.php file.
CRITICAL - 2021-04-09 11:02:12 --> Toolbar collector does not exists(CodeIgniter\Debug\Toolbar\Collectors\Cache).please check $collectors in the Config\Toolbar.php file.
CRITICAL - 2021-04-09 11:02:12 --> Toolbar collector does not exists(CodeIgniter\Debug\Toolbar\Collectors\Cache).please check $collectors in the Config\Toolbar.php file.
CRITICAL - 2021-04-09 11:03:13 --> Toolbar collector does not exists(CodeIgniter\Debug\Toolbar\Collectors\Cache).please check $collectors in the Config\Toolbar.php file.
CRITICAL - 2021-04-09 11:03:13 --> Toolbar collector does not exists(CodeIgniter\Debug\Toolbar\Collectors\Cache).please check $collectors in the Config\Toolbar.php file.
CRITICAL - 2021-04-09 11:03:13 --> Toolbar collector does not exists(CodeIgniter\Debug\Toolbar\Collectors\Cache).please check $collectors in the Config\Toolbar.php file.
